<?xml version="1.0" encoding="UTF-8"?>
<!-- Generated by org.testng.reporters.JUnitReportReporter -->
<testsuite skipped="0" hostname="EPINHYDW041C" name="com.test.tests.GroupsExample2" tests="3" failures="0" timestamp="2022-01-31T08:16:14 IST" time="0.002" errors="0">
  <testcase name="test4" time="0.001" classname="com.test.tests.GroupsExample2"/>
  <system-out/>
  <testcase name="test1" time="0.001" classname="com.test.tests.GroupsExample2"/>
  <system-out/>
  <testcase name="test3" time="0.000" classname="com.test.tests.GroupsExample2"/>
  <system-out/>
</testsuite> <!-- com.test.tests.GroupsExample2 -->
